33919 DEBUG [2013-07-22 15:20:14]  Request:
33919 DEBUG [2013-07-22 15:20:14]  GET:https://api.weibo.com/2/comments/to_me.json
33920 DEBUG [2013-07-22 15:20:14]  Authorization: OAuth2 2.00vDGzJC0OM2YC4ffc0d56f70hPqLU
33920 DEBUG [2013-07-22 15:20:14]  API-RemoteIP: 172.16.0.102
33971 DEBUG [2013-07-22 15:20:14]  Response:
33972 DEBUG [2013-07-22 15:20:14]  https StatusCode:200
33972 DEBUG [2013-07-22 15:20:14]  Server:nginx/1.2.0
33972 DEBUG [2013-07-22 15:20:14]  Date:Mon, 22 Jul 2013 07:20:16 GMT
33972 DEBUG [2013-07-22 15:20:14]  Content-Type:application/json;charset=UTF-8
33972 DEBUG [2013-07-22 15:20:14]  Content-Length:88
33972 DEBUG [2013-07-22 15:20:14]  Connection:keep-alive
33972 DEBUG [2013-07-22 15:20:14]  Api-Server-IP:10.77.108.55
33973 DEBUG [2013-07-22 15:20:14]  Vary:Accept-Encoding
33973 DEBUG [2013-07-22 15:20:14]  X-Varnish:2922886383
33973 DEBUG [2013-07-22 15:20:14]  Age:0
33973 DEBUG [2013-07-22 15:20:14]  Via:1.1 varnish
33973 DEBUG [2013-07-22 15:20:14]  SINA-LB:cWgxMzIuaGEucWgyLmJqLmxvYWRiYWxhbmNlLnNpbg==
33974 DEBUG [2013-07-22 15:20:14]  {"comments":[],"hasvisible":false,"previous_cursor":0,"next_cursor":0,"total_number":98}

33974 DEBUG [2013-07-22 15:20:14]  Request:
33974 DEBUG [2013-07-22 15:20:14]  GET:https://api.weibo.com/2/comments/to_me.json
33974 DEBUG [2013-07-22 15:20:14]  Authorization: OAuth2 2.00vDGzJC0OM2YC4ffc0d56f70hPqLU
33975 DEBUG [2013-07-22 15:20:14]  API-RemoteIP: 172.16.0.102
34019 DEBUG [2013-07-22 15:20:14]  Response:
34019 DEBUG [2013-07-22 15:20:14]  https StatusCode:200
34019 DEBUG [2013-07-22 15:20:14]  Server:nginx/1.2.0
34019 DEBUG [2013-07-22 15:20:14]  Date:Mon, 22 Jul 2013 07:20:16 GMT
34020 DEBUG [2013-07-22 15:20:14]  Content-Type:application/json;charset=UTF-8
34025 DEBUG [2013-07-22 15:20:14]  Content-Length:88
34025 DEBUG [2013-07-22 15:20:14]  Connection:keep-alive
34025 DEBUG [2013-07-22 15:20:14]  Api-Server-IP:10.77.108.55
34025 DEBUG [2013-07-22 15:20:14]  Vary:Accept-Encoding
34025 DEBUG [2013-07-22 15:20:14]  X-Varnish:3623724224
34025 DEBUG [2013-07-22 15:20:14]  Age:0
34025 DEBUG [2013-07-22 15:20:14]  Via:1.1 varnish
34025 DEBUG [2013-07-22 15:20:14]  SINA-LB:cWgxMzIuaGEucWgyLmJqLmxvYWRiYWxhbmNlLnNpbg==
34025 DEBUG [2013-07-22 15:20:14]  {"comments":[],"hasvisible":false,"previous_cursor":0,"next_cursor":0,"total_number":98}

34025 DEBUG [2013-07-22 15:20:14]  Request:
34025 DEBUG [2013-07-22 15:20:14]  GET:https://api.weibo.com/2/comments/to_me.json
34026 DEBUG [2013-07-22 15:20:14]  Authorization: OAuth2 2.00vDGzJC0OM2YC4ffc0d56f70hPqLU
34026 DEBUG [2013-07-22 15:20:14]  API-RemoteIP: 172.16.0.102
34069 DEBUG [2013-07-22 15:20:14]  Response:
34070 DEBUG [2013-07-22 15:20:14]  https StatusCode:200
34070 DEBUG [2013-07-22 15:20:14]  Server:nginx/1.2.0
34070 DEBUG [2013-07-22 15:20:14]  Date:Mon, 22 Jul 2013 07:20:16 GMT
34070 DEBUG [2013-07-22 15:20:14]  Content-Type:application/json;charset=UTF-8
34070 DEBUG [2013-07-22 15:20:14]  Content-Length:88
34070 DEBUG [2013-07-22 15:20:14]  Connection:keep-alive
34070 DEBUG [2013-07-22 15:20:14]  Api-Server-IP:10.77.108.48
34070 DEBUG [2013-07-22 15:20:14]  Vary:Accept-Encoding
34070 DEBUG [2013-07-22 15:20:14]  X-Varnish:2922886677
34070 DEBUG [2013-07-22 15:20:14]  Age:0
34070 DEBUG [2013-07-22 15:20:14]  Via:1.1 varnish
34070 DEBUG [2013-07-22 15:20:14]  SINA-LB:cWgxMzIuaGEucWgyLmJqLmxvYWRiYWxhbmNlLnNpbg==
34071 DEBUG [2013-07-22 15:20:14]  {"comments":[],"hasvisible":false,"previous_cursor":0,"next_cursor":0,"total_number":98}

34071 DEBUG [2013-07-22 15:20:14]  Request:
34071 DEBUG [2013-07-22 15:20:14]  GET:https://api.weibo.com/2/comments/to_me.json
34071 DEBUG [2013-07-22 15:20:14]  Authorization: OAuth2 2.00vDGzJC0OM2YC4ffc0d56f70hPqLU
34071 DEBUG [2013-07-22 15:20:14]  API-RemoteIP: 172.16.0.102
34116 DEBUG [2013-07-22 15:20:14]  Response:
34116 DEBUG [2013-07-22 15:20:14]  https StatusCode:200
34116 DEBUG [2013-07-22 15:20:14]  Server:nginx/1.2.0
34116 DEBUG [2013-07-22 15:20:14]  Date:Mon, 22 Jul 2013 07:20:16 GMT
34116 DEBUG [2013-07-22 15:20:14]  Content-Type:application/json;charset=UTF-8
34116 DEBUG [2013-07-22 15:20:14]  Content-Length:88
34116 DEBUG [2013-07-22 15:20:14]  Connection:keep-alive
34117 DEBUG [2013-07-22 15:20:14]  Api-Server-IP:10.77.108.45
34117 DEBUG [2013-07-22 15:20:14]  Vary:Accept-Encoding
34117 DEBUG [2013-07-22 15:20:14]  X-Varnish:2922886792
34117 DEBUG [2013-07-22 15:20:14]  Age:0
34117 DEBUG [2013-07-22 15:20:14]  Via:1.1 varnish
34117 DEBUG [2013-07-22 15:20:14]  SINA-LB:cWgxMzIuaGEucWgyLmJqLmxvYWRiYWxhbmNlLnNpbg==
34117 DEBUG [2013-07-22 15:20:14]  {"comments":[],"hasvisible":false,"previous_cursor":0,"next_cursor":0,"total_number":98}

34117 DEBUG [2013-07-22 15:20:14]  Request:
34117 DEBUG [2013-07-22 15:20:14]  GET:https://api.weibo.com/2/comments/to_me.json
34118 DEBUG [2013-07-22 15:20:14]  Authorization: OAuth2 2.00vDGzJC0OM2YC4ffc0d56f70hPqLU
34118 DEBUG [2013-07-22 15:20:14]  API-RemoteIP: 172.16.0.102
34161 DEBUG [2013-07-22 15:20:14]  Response:
34162 DEBUG [2013-07-22 15:20:14]  https StatusCode:200
34162 DEBUG [2013-07-22 15:20:14]  Server:nginx/1.2.0
34162 DEBUG [2013-07-22 15:20:14]  Date:Mon, 22 Jul 2013 07:20:16 GMT
34162 DEBUG [2013-07-22 15:20:14]  Content-Type:application/json;charset=UTF-8
34162 DEBUG [2013-07-22 15:20:14]  Content-Length:88
34168 DEBUG [2013-07-22 15:20:14]  Connection:keep-alive
34169 DEBUG [2013-07-22 15:20:14]  Api-Server-IP:10.77.108.56
34169 DEBUG [2013-07-22 15:20:14]  Vary:Accept-Encoding
34169 DEBUG [2013-07-22 15:20:14]  X-Varnish:2922886918
34169 DEBUG [2013-07-22 15:20:14]  Age:0
34169 DEBUG [2013-07-22 15:20:14]  Via:1.1 varnish
34169 DEBUG [2013-07-22 15:20:14]  SINA-LB:cWgxMzIuaGEucWgyLmJqLmxvYWRiYWxhbmNlLnNpbg==
34169 DEBUG [2013-07-22 15:20:14]  {"comments":[],"hasvisible":false,"previous_cursor":0,"next_cursor":0,"total_number":98}

